<?xml version="1.0" encoding="UTF-8"?>
<!-- Generated by org.testng.reporters.JUnitReportReporter -->
<testsuite skipped="0" hostname="DESKTOP-FID49DI" name="com.tests.ThriveTestWeb" tests="2" failures="0" timestamp="31 Aug 2021 12:27:56 GMT" time="18.244" errors="0">
  <testcase name="unsuccessful_Login" time="5.474" classname="com.tests.ThriveTestWeb"/>
  <testcase name="successful_Login" time="12.770" classname="com.tests.ThriveTestWeb"/>
</testsuite> <!-- com.tests.ThriveTestWeb -->
